<?xml version="1.0" encoding="UTF-8"?>
<!-- Generated by org.testng.reporters.JUnitReportReporter -->
<testsuite hostname="DELL-C0HKRC2" failures="0" tests="1" name="Edit.EducacionITSabado.AppTest" time="0.003" errors="0" timestamp="2021-07-03T11:41:31 ART" skipped="0">
  <testcase classname="Edit.EducacionITSabado.AppTest" name="imprimirHolaMundo" time="0.003"/>
  <system-out/>
</testsuite> <!-- Edit.EducacionITSabado.AppTest -->
