<?xml version="1.0" encoding="UTF-8"?>
<!-- Generated by org.testng.reporters.JUnitReportReporter -->
<testsuite hostname="DELL-C0HKRC2" failures="0" tests="1" name="Edit.EducacionITSabado.Laboratorio3" time="8.980" errors="0" timestamp="2021-07-03T12:38:08 ART" skipped="0">
  <testcase classname="Edit.EducacionITSabado.Laboratorio3" name="registrarUsuario" time="8.980"/>
  <system-out/>
</testsuite> <!-- Edit.EducacionITSabado.Laboratorio3 -->
