<?xml version="1.0" encoding="UTF-8"?>
<!-- Generated by org.testng.reporters.JUnitReportReporter -->
<testsuite hostname="DELL-C0HKRC2" failures="0" tests="3" name="pruebas.Laboratorio4_E1" time="33.713" errors="0" timestamp="2021-07-10T11:00:38 ART" skipped="0">
  <testcase classname="pruebas.Laboratorio4_E1" name="login" time="15.531"/>
  <system-out/>
  <testcase classname="pruebas.Laboratorio4_E1" name="login" time="11.848"/>
  <system-out/>
  <testcase classname="pruebas.Laboratorio4_E1" name="login" time="6.334"/>
  <system-out/>
</testsuite> <!-- pruebas.Laboratorio4_E1 -->
