<?xml version="1.0" encoding="UTF-8"?>
<!-- Generated by org.testng.reporters.JUnitReportReporter -->
<testsuite hostname="DELL-C0HKRC2" failures="0" tests="3" name="pruebas.LoginTest" time="37.640" errors="0" timestamp="2021-07-10T10:17:52 ART" skipped="0">
  <testcase classname="pruebas.LoginTest" name="login" time="20.636"/>
  <system-out/>
  <testcase classname="pruebas.LoginTest" name="buscarPalabra" time="9.309"/>
  <system-out/>
  <testcase classname="pruebas.LoginTest" name="irAContactUs" time="7.695"/>
  <system-out/>
</testsuite> <!-- pruebas.LoginTest -->
