<?xml version="1.0" encoding="UTF-8"?>
<!-- Generated by org.testng.reporters.JUnitReportReporter -->
<testsuite hostname="DELL-C0HKRC2" failures="0" tests="3" name="Edit.EducacionITSabado.Laboratorio1" time="18.703" errors="0" timestamp="2021-07-03T11:41:31 ART" skipped="0">
  <testcase classname="Edit.EducacionITSabado.Laboratorio1" name="abrirPaginaEnFirefox" time="9.851"/>
  <system-out/>
  <testcase classname="Edit.EducacionITSabado.Laboratorio1" name="abrirPaginaEnChrome" time="3.962"/>
  <system-out/>
  <testcase classname="Edit.EducacionITSabado.Laboratorio1" name="buscarPalabraEnChrome" time="4.890"/>
  <system-out/>
</testsuite> <!-- Edit.EducacionITSabado.Laboratorio1 -->
